{"meta": {"format": 3, "version": "7.13.4", "timestamp": "2026-03-11T21:53:16.326580", "branch_coverage": false, "show_contexts": false}, "files": {"scripts/aggregate-results.py": {"executed_lines": [4, 5, 6, 7, 9, 37, 76, 77, 78, 79, 80, 81, 84, 85, 86, 87, 88, 90, 91, 94, 95, 96, 97, 100, 101, 102, 104, 123, 124, 125, 126, 127, 128, 129, 130, 132, 133, 134, 136, 139, 141, 142, 146, 147, 148, 149, 151, 152, 154, 155, 157, 158, 160, 161, 165, 166, 167, 168, 169, 183, 184, 185, 186, 188, 189, 190, 191, 192, 193, 195, 196, 197, 198, 200, 214, 222, 224, 225, 228, 229, 230, 231, 233, 234, 235, 237, 238, 240, 241, 242, 243, 244, 245, 248, 269, 271, 273, 275, 277, 279, 281, 283, 286, 288, 296, 304, 317, 318, 319, 321, 322, 323, 324, 326, 327, 328, 387, 395, 396, 397, 398, 401, 403, 404, 405, 408, 409, 410, 413, 414, 417, 418, 419, 420, 424, 425, 426, 430, 431, 432, 436, 437, 438, 441, 442, 443, 447, 448, 449, 453, 454, 455, 458, 459, 460, 461, 462, 465, 469, 472, 473, 477], "summary": {"covered_lines": 162, "num_statements": 191, "percent_covered": 84.81675392670157, "percent_covered_display": "85", "missing_lines": 29, "excluded_lines": 0, "percent_statements_covered": 84.81675392670157, "percent_statements_covered_display": "85"}, "missing_lines": [89, 162, 163, 270, 272, 274, 276, 278, 280, 282, 284, 297, 301, 305, 306, 330, 331, 332, 334, 335, 336, 338, 349, 350, 384, 385, 406, 474, 476], "excluded_lines": [], "functions": {"load_json": {"executed_lines": [77, 78, 79, 80, 81], "summary": {"covered_lines": 5, "num_statements": 5, "percent_covered": 100.0, "percent_covered_display": "100", "missing_lines": 0, "excluded_lines": 0, "percent_statements_covered": 100.0, "percent_statements_covered_display": "100"}, "missing_lines": [], "excluded_lines": [], "start_line": 76}, "count_severities": {"executed_lines": [85, 86, 87, 88, 90, 91], "summary": {"covered_lines": 6, "num_statements": 7, "percent_covered": 85.71428571428571, "percent_covered_display": "86", "missing_lines": 1, "excluded_lines": 0, "percent_statements_covered": 85.71428571428571, "percent_statements_covered_display": "86"}, "missing_lines": [89], "excluded_lines": [], "start_line": 84}, "normalize_precalculated_summary": {"executed_lines": [95, 96, 97, 100, 101, 102, 104, 123, 124, 125, 126, 127, 128, 129, 130, 132, 133, 134, 136], "summary": {"covered_lines": 19, "num_statements": 19, "percent_covered": 100.0, "percent_covered_display": "100", "missing_lines": 0, "excluded_lines": 0, "percent_statements_covered": 100.0, "percent_statements_covered_display": "100"}, "missing_lines": [], "excluded_lines": [], "start_line": 94}, "aggregate_qa": {"executed_lines": [141, 142, 146, 147, 148, 149, 151, 152, 154, 155, 157, 158, 160, 161, 165, 166, 167, 168, 169, 183, 184, 185, 186, 188, 189, 190, 191, 192, 193, 195, 196, 197, 198, 200, 214], "summary": {"covered_lines": 35, "num_statements": 37, "percent_covered": 94.5945945945946, "percent_covered_display": "95", "missing_lines": 2, "excluded_lines": 0, "percent_statements_covered": 94.5945945945946, "percent_statements_covered_display": "95"}, "missing_lines": [162, 163], "excluded_lines": [], "start_line": 139}, "aggregate_department": {"executed_lines": [224, 225, 228, 229, 230, 231, 233, 234, 235, 237, 238, 240, 241, 242, 243, 244, 245, 248, 269, 271, 273, 275, 277, 279, 281, 283, 286, 288], "summary": {"covered_lines": 28, "num_statements": 36, "percent_covered": 77.77777777777777, "percent_covered_display": "78", "missing_lines": 8, "excluded_lines": 0, "percent_statements_covered": 77.77777777777777, "percent_statements_covered_display": "78"}, "missing_lines": [270, 272, 274, 276, 278, 280, 282, 284], "excluded_lines": [], "start_line": 222}, "is_privacy_finding": {"executed_lines": [], "summary": {"covered_lines": 0, "num_statements": 2, "percent_covered": 0.0, "percent_covered_display": "0", "missing_lines": 2, "excluded_lines": 0, "percent_statements_covered": 0.0, "percent_statements_covered_display": "0"}, "missing_lines": [297, 301], "excluded_lines": [], "start_line": 296}, "privacy_score": {"executed_lines": [], "summary": {"covered_lines": 0, "num_statements": 2, "percent_covered": 0.0, "percent_covered_display": "0", "missing_lines": 2, "excluded_lines": 0, "percent_statements_covered": 0.0, "percent_statements_covered_display": "0"}, "missing_lines": [305, 306], "excluded_lines": [], "start_line": 304}, "aggregate_privacy": {"executed_lines": [318, 319, 321, 322, 323, 324, 326, 327, 328, 387], "summary": {"covered_lines": 10, "num_statements": 21, "percent_covered": 47.61904761904762, "percent_covered_display": "48", "missing_lines": 11, "excluded_lines": 0, "percent_statements_covered": 47.61904761904762, "percent_statements_covered_display": "48"}, "missing_lines": [330, 331, 332, 334, 335, 336, 338, 349, 350, 384, 385], "excluded_lines": [], "start_line": 317}, "write_json": {"executed_lines": [396, 397, 398], "summary": {"covered_lines": 3, "num_statements": 3, "percent_covered": 100.0, "percent_covered_display": "100", "missing_lines": 0, "excluded_lines": 0, "percent_statements_covered": 100.0, "percent_statements_covered_display": "100"}, "missing_lines": [], "excluded_lines": [], "start_line": 395}, "aggregate_self_audit": {"executed_lines": [403, 404, 405, 408, 409, 410], "summary": {"covered_lines": 6, "num_statements": 7, "percent_covered": 85.71428571428571, "percent_covered_display": "86", "missing_lines": 1, "excluded_lines": 0, "percent_statements_covered": 85.71428571428571, "percent_statements_covered_display": "86"}, "missing_lines": [406], "excluded_lines": [], "start_line": 401}, "aggregate": {"executed_lines": [414, 417, 418, 419, 420, 424, 425, 426, 430, 431, 432, 436, 437, 438, 441, 442, 443, 447, 448, 449, 453, 454, 455, 458, 459, 460, 461, 462, 465, 469], "summary": {"covered_lines": 30, "num_statements": 30, "percent_covered": 100.0, "percent_covered_display": "100", "missing_lines": 0, "excluded_lines": 0, "percent_statements_covered": 100.0, "percent_statements_covered_display": "100"}, "missing_lines": [], "excluded_lines": [], "start_line": 413}, "": {"executed_lines": [4, 5, 6, 7, 9, 37, 76, 84, 94, 139, 222, 296, 304, 317, 395, 401, 413, 472, 473, 477], "summary": {"covered_lines": 20, "num_statements": 22, "percent_covered": 90.9090909090909, "percent_covered_display": "91", "missing_lines": 2, "excluded_lines": 0, "percent_statements_covered": 90.9090909090909, "percent_statements_covered_display": "91"}, "missing_lines": [474, 476], "excluded_lines": [], "start_line": 1}}, "classes": {"": {"executed_lines": [4, 5, 6, 7, 9, 37, 76, 77, 78, 79, 80, 81, 84, 85, 86, 87, 88, 90, 91, 94, 95, 96, 97, 100, 101, 102, 104, 123, 124, 125, 126, 127, 128, 129, 130, 132, 133, 134, 136, 139, 141, 142, 146, 147, 148, 149, 151, 152, 154, 155, 157, 158, 160, 161, 165, 166, 167, 168, 169, 183, 184, 185, 186, 188, 189, 190, 191, 192, 193, 195, 196, 197, 198, 200, 214, 222, 224, 225, 228, 229, 230, 231, 233, 234, 235, 237, 238, 240, 241, 242, 243, 244, 245, 248, 269, 271, 273, 275, 277, 279, 281, 283, 286, 288, 296, 304, 317, 318, 319, 321, 322, 323, 324, 326, 327, 328, 387, 395, 396, 397, 398, 401, 403, 404, 405, 408, 409, 410, 413, 414, 417, 418, 419, 420, 424, 425, 426, 430, 431, 432, 436, 437, 438, 441, 442, 443, 447, 448, 449, 453, 454, 455, 458, 459, 460, 461, 462, 465, 469, 472, 473, 477], "summary": {"covered_lines": 162, "num_statements": 191, "percent_covered": 84.81675392670157, "percent_covered_display": "85", "missing_lines": 29, "excluded_lines": 0, "percent_statements_covered": 84.81675392670157, "percent_statements_covered_display": "85"}, "missing_lines": [89, 162, 163, 270, 272, 274, 276, 278, 280, 282, 284, 297, 301, 305, 306, 330, 331, 332, 334, 335, 336, 338, 349, 350, 384, 385, 406, 474, 476], "excluded_lines": [], "start_line": 1}}}, "scripts/api-server.py": {"executed_lines": [14, 15, 16, 17, 18, 19, 20, 21, 22, 23, 27, 28, 35, 44, 46, 47, 52, 54, 55, 56, 57, 58, 59, 60, 62, 63, 64, 65, 72, 75, 76, 79, 80, 81, 84, 85, 87, 90, 92, 93, 94, 95, 97, 104, 105, 106, 107, 108, 110, 111, 114, 123, 133, 135, 136, 137, 138, 140, 141, 142, 143, 144, 146, 148, 149, 151, 152, 154, 155, 156, 158, 159, 160, 161, 163, 164, 165, 166, 167, 168, 169, 170, 172, 177, 189, 205, 206, 207, 208, 214, 215, 216, 217, 218, 219, 221, 223, 224, 225, 226, 228, 229, 233, 235, 236, 237, 240, 242, 243, 250, 251, 252, 259, 260, 262, 263, 269, 270, 271, 272, 274, 275, 281, 282, 283, 290, 292, 293, 294, 295, 322, 324, 325, 326, 331, 342], "summary": {"covered_lines": 136, "num_statements": 222, "percent_covered": 61.26126126126126, "percent_covered_display": "61", "missing_lines": 86, "excluded_lines": 0, "percent_statements_covered": 61.26126126126126, "percent_statements_covered_display": "61"}, "missing_lines": [66, 67, 98, 99, 101, 102, 116, 125, 139, 150, 157, 173, 174, 175, 178, 180, 181, 182, 183, 184, 185, 187, 190, 192, 193, 194, 196, 197, 198, 199, 200, 201, 203, 244, 247, 253, 254, 256, 257, 276, 279, 284, 288, 302, 303, 304, 305, 306, 307, 308, 309, 310, 312, 313, 315, 332, 334, 335, 336, 337, 343, 346, 348, 349, 350, 351, 352, 353, 354, 355, 356, 357, 358, 359, 361, 363, 364, 367, 368, 369, 371, 391, 392, 393, 394, 395], "excluded_lines": [], "functions": {"load_config": {"executed_lines": [54, 55, 56, 57, 58, 59, 60, 62, 63, 64, 65], "summary": {"covered_lines": 11, "num_statements": 13, "percent_covered": 84.61538461538461, "percent_covered_display": "85", "missing_lines": 2, "excluded_lines": 0, "percent_statements_covered": 84.61538461538461, "percent_statements_covered_display": "85"}, "missing_lines": [66, 67], "excluded_lines": [], "start_line": 52}, "resolve_target": {"executed_lines": [75, 76, 79, 80, 81, 84, 85, 87], "summary": {"covered_lines": 8, "num_statements": 8, "percent_covered": 100.0, "percent_covered_display": "100", "missing_lines": 0, "excluded_lines": 0, "percent_statements_covered": 100.0, "percent_statements_covered_display": "100"}, "missing_lines": [], "excluded_lines": [], "start_line": 72}, "run_agent": {"executed_lines": [92, 93, 94, 95, 97, 104, 105, 106, 107, 108, 110, 111], "summary": {"covered_lines": 12, "num_statements": 12, "percent_covered": 100.0, "percent_covered_display": "100", "missing_lines": 0, "excluded_lines": 0, "percent_statements_covered": 100.0, "percent_statements_covered_display": "100"}, "missing_lines": [], "excluded_lines": [], "start_line": 90}, "run_agent._run": {"executed_lines": [], "summary": {"covered_lines": 0, "num_statements": 4, "percent_covered": 0.0, "percent_covered_display": "0", "missing_lines": 4, "excluded_lines": 0, "percent_statements_covered": 0.0, "percent_statements_covered_display": "0"}, "missing_lines": [98, 99, 101, 102], "excluded_lines": [], "start_line": 97}, "init_jobs": {"executed_lines": [], "summary": {"covered_lines": 0, "num_statements": 1, "percent_covered": 0.0, "percent_covered_display": "0", "missing_lines": 1, "excluded_lines": 0, "percent_statements_covered": 0.0, "percent_statements_covered_display": "0"}, "missing_lines": [116], "excluded_lines": [], "start_line": 114}, "finalize_jobs": {"executed_lines": [], "summary": {"covered_lines": 0, "num_statements": 1, "percent_covered": 0.0, "percent_covered_display": "0", "missing_lines": 1, "excluded_lines": 0, "percent_statements_covered": 0.0, "percent_statements_covered_display": "0"}, "missing_lines": [125], "excluded_lines": [], "start_line": 123}, "APIHandler._cors_headers": {"executed_lines": [136, 137, 138, 140, 141, 142, 143, 144], "summary": {"covered_lines": 8, "num_statements": 9, "percent_covered": 88.88888888888889, "percent_covered_display": "89", "missing_lines": 1, "excluded_lines": 0, "percent_statements_covered": 88.88888888888889, "percent_statements_covered_display": "89"}, "missing_lines": [139], "excluded_lines": [], "start_line": 135}, "APIHandler._check_auth": {"executed_lines": [148, 149, 151, 152], "summary": {"covered_lines": 4, "num_statements": 5, "percent_covered": 80.0, "percent_covered_display": "80", "missing_lines": 1, "excluded_lines": 0, "percent_statements_covered": 80.0, "percent_statements_covered_display": "80"}, "missing_lines": [150], "excluded_lines": [], "start_line": 146}, "APIHandler._read_body": {"executed_lines": [155, 156, 158, 159, 160, 161], "summary": {"covered_lines": 6, "num_statements": 7, "percent_covered": 85.71428571428571, "percent_covered_display": "86", "missing_lines": 1, "excluded_lines": 0, "percent_statements_covered": 85.71428571428571, "percent_statements_covered_display": "86"}, "missing_lines": [157], "excluded_lines": [], "start_line": 154}, "APIHandler._json_response": {"executed_lines": [164, 165, 166, 167, 168, 169, 170], "summary": {"covered_lines": 7, "num_statements": 7, "percent_covered": 100.0, "percent_covered_display": "100", "missing_lines": 0, "excluded_lines": 0, "percent_statements_covered": 100.0, "percent_statements_covered_display": "100"}, "missing_lines": [], "excluded_lines": [], "start_line": 163}, "APIHandler.do_OPTIONS": {"executed_lines": [], "summary": {"covered_lines": 0, "num_statements": 3, "percent_covered": 0.0, "percent_covered_display": "0", "missing_lines": 3, "excluded_lines": 0, "percent_statements_covered": 0.0, "percent_statements_covered_display": "0"}, "missing_lines": [173, 174, 175], "excluded_lines": [], "start_line": 172}, "APIHandler.do_GET": {"executed_lines": [], "summary": {"covered_lines": 0, "num_statements": 8, "percent_covered": 0.0, "percent_covered_display": "0", "missing_lines": 8, "excluded_lines": 0, "percent_statements_covered": 0.0, "percent_statements_covered_display": "0"}, "missing_lines": [178, 180, 181, 182, 183, 184, 185, 187], "excluded_lines": [], "start_line": 177}, "APIHandler.do_POST": {"executed_lines": [], "summary": {"covered_lines": 0, "num_statements": 11, "percent_covered": 0.0, "percent_covered_display": "0", "missing_lines": 11, "excluded_lines": 0, "percent_statements_covered": 0.0, "percent_statements_covered_display": "0"}, "missing_lines": [190, 192, 193, 194, 196, 197, 198, 199, 200, 201, 203], "excluded_lines": [], "start_line": 189}, "APIHandler._handle_status": {"executed_lines": [206, 207, 208], "summary": {"covered_lines": 3, "num_statements": 3, "percent_covered": 100.0, "percent_covered_display": "100", "missing_lines": 0, "excluded_lines": 0, "percent_statements_covered": 100.0, "percent_statements_covered_display": "100"}, "missing_lines": [], "excluded_lines": [], "start_line": 205}, "APIHandler._handle_get_jobs": {"executed_lines": [215, 216, 217, 218, 219, 221], "summary": {"covered_lines": 6, "num_statements": 6, "percent_covered": 100.0, "percent_covered_display": "100", "missing_lines": 0, "excluded_lines": 0, "percent_statements_covered": 100.0, "percent_statements_covered_display": "100"}, "missing_lines": [], "excluded_lines": [], "start_line": 214}, "APIHandler._handle_run_scan": {"executed_lines": [224, 225, 226, 228, 229, 233, 235, 236, 237, 240, 242, 243, 250, 251, 252, 259, 260, 262, 263], "summary": {"covered_lines": 19, "num_statements": 25, "percent_covered": 76.0, "percent_covered_display": "76", "missing_lines": 6, "excluded_lines": 0, "percent_statements_covered": 76.0, "percent_statements_covered_display": "76"}, "missing_lines": [244, 247, 253, 254, 256, 257], "excluded_lines": [], "start_line": 223}, "APIHandler._handle_run_all": {"executed_lines": [270, 271, 272, 274, 275, 281, 282, 283, 290, 292, 293, 294, 295], "summary": {"covered_lines": 13, "num_statements": 29, "percent_covered": 44.827586206896555, "percent_covered_display": "45", "missing_lines": 16, "excluded_lines": 0, "percent_statements_covered": 44.827586206896555, "percent_statements_covered_display": "45"}, "missing_lines": [276, 279, 284, 288, 302, 303, 304, 305, 306, 307, 308, 309, 310, 312, 313, 315], "excluded_lines": [], "start_line": 269}, "APIHandler._handle_stop": {"executed_lines": [324, 325, 326], "summary": {"covered_lines": 3, "num_statements": 3, "percent_covered": 100.0, "percent_covered_display": "100", "missing_lines": 0, "excluded_lines": 0, "percent_statements_covered": 100.0, "percent_statements_covered_display": "100"}, "missing_lines": [], "excluded_lines": [], "start_line": 322}, "APIHandler.log_message": {"executed_lines": [], "summary": {"covered_lines": 0, "num_statements": 5, "percent_covered": 0.0, "percent_covered_display": "0", "missing_lines": 5, "excluded_lines": 0, "percent_statements_covered": 0.0, "percent_statements_covered_display": "0"}, "missing_lines": [332, 334, 335, 336, 337], "excluded_lines": [], "start_line": 331}, "": {"executed_lines": [14, 15, 16, 17, 18, 19, 20, 21, 22, 23, 27, 28, 35, 44, 46, 47, 52, 72, 90, 114, 123, 133, 135, 146, 154, 163, 172, 177, 189, 205, 214, 223, 269, 322, 331, 342], "summary": {"covered_lines": 36, "num_statements": 62, "percent_covered": 58.064516129032256, "percent_covered_display": "58", "missing_lines": 26, "excluded_lines": 0, "percent_statements_covered": 58.064516129032256, "percent_statements_covered_display": "58"}, "missing_lines": [343, 346, 348, 349, 350, 351, 352, 353, 354, 355, 356, 357, 358, 359, 361, 363, 364, 367, 368, 369, 371, 391, 392, 393, 394, 395], "excluded_lines": [], "start_line": 1}}, "classes": {"APIHandler": {"executed_lines": [136, 137, 138, 140, 141, 142, 143, 144, 148, 149, 151, 152, 155, 156, 158, 159, 160, 161, 164, 165, 166, 167, 168, 169, 170, 206, 207, 208, 215, 216, 217, 218, 219, 221, 224, 225, 226, 228, 229, 233, 235, 236, 237, 240, 242, 243, 250, 251, 252, 259, 260, 262, 263, 270, 271, 272, 274, 275, 281, 282, 283, 290, 292, 293, 294, 295, 324, 325, 326], "summary": {"covered_lines": 69, "num_statements": 121, "percent_covered": 57.02479338842975, "percent_covered_display": "57", "missing_lines": 52, "excluded_lines": 0, "percent_statements_covered": 57.02479338842975, "percent_statements_covered_display": "57"}, "missing_lines": [139, 150, 157, 173, 174, 175, 178, 180, 181, 182, 183, 184, 185, 187, 190, 192, 193, 194, 196, 197, 198, 199, 200, 201, 203, 244, 247, 253, 254, 256, 257, 276, 279, 284, 288, 302, 303, 304, 305, 306, 307, 308, 309, 310, 312, 313, 315, 332, 334, 335, 336, 337], "excluded_lines": [], "start_line": 133}, "": {"executed_lines": [14, 15, 16, 17, 18, 19, 20, 21, 22, 23, 27, 28, 35, 44, 46, 47, 52, 54, 55, 56, 57, 58, 59, 60, 62, 63, 64, 65, 72, 75, 76, 79, 80, 81, 84, 85, 87, 90, 92, 93, 94, 95, 97, 104, 105, 106, 107, 108, 110, 111, 114, 123, 133, 135, 146, 154, 163, 172, 177, 189, 205, 214, 223, 269, 322, 331, 342], "summary": {"covered_lines": 67, "num_statements": 101, "percent_covered": 66.33663366336634, "percent_covered_display": "66", "missing_lines": 34, "excluded_lines": 0, "percent_statements_covered": 66.33663366336634, "percent_statements_covered_display": "66"}, "missing_lines": [66, 67, 98, 99, 101, 102, 116, 125, 343, 346, 348, 349, 350, 351, 352, 353, 354, 355, 356, 357, 358, 359, 361, 363, 364, 367, 368, 369, 371, 391, 392, 393, 394, 395], "excluded_lines": [], "start_line": 1}}}, "scripts/backoffice-cli.py": {"executed_lines": [4, 6, 7, 8, 9, 12, 15, 20, 28, 29, 32, 34, 35, 36, 37, 38, 39, 40, 41, 42, 43, 44, 45, 46, 48, 49, 50, 51, 53, 54, 55, 56, 58, 59, 61, 62, 63, 65, 68, 69, 71, 80, 82, 89, 91, 93, 95, 97, 98, 99, 100, 101, 102, 103, 104, 105, 106, 107, 108, 109, 111, 112, 113, 114, 122], "summary": {"covered_lines": 65, "num_statements": 98, "percent_covered": 66.3265306122449, "percent_covered_display": "66", "missing_lines": 33, "excluded_lines": 0, "percent_statements_covered": 66.3265306122449, "percent_statements_covered_display": "66"}, "missing_lines": [16, 17, 21, 22, 23, 24, 25, 72, 73, 74, 75, 76, 77, 78, 79, 81, 83, 84, 85, 86, 87, 88, 90, 92, 94, 96, 110, 115, 116, 117, 118, 119, 123], "excluded_lines": [], "functions": {"run_command": {"executed_lines": [], "summary": {"covered_lines": 0, "num_statements": 2, "percent_covered": 0.0, "percent_covered_display": "0", "missing_lines": 2, "excluded_lines": 0, "percent_statements_covered": 0.0, "percent_statements_covered_display": "0"}, "missing_lines": [16, 17], "excluded_lines": [], "start_line": 15}, "run_commands": {"executed_lines": [], "summary": {"covered_lines": 0, "num_statements": 5, "percent_covered": 0.0, "percent_covered_display": "0", "missing_lines": 5, "excluded_lines": 0, "percent_statements_covered": 0.0, "percent_statements_covered_display": "0"}, "missing_lines": [21, 22, 23, 24, 25], "excluded_lines": [], "start_line": 20}, "build_parser": {"executed_lines": [29, 32, 34, 35, 36, 37, 38, 39, 40, 41, 42, 43, 44, 45, 46, 48, 49, 50, 51, 53, 54, 55, 56, 58, 59, 61, 62, 63, 65], "summary": {"covered_lines": 29, "num_statements": 29, "percent_covered": 100.0, "percent_covered_display": "100", "missing_lines": 0, "excluded_lines": 0, "percent_statements_covered": 100.0, "percent_statements_covered_display": "100"}, "missing_lines": [], "excluded_lines": [], "start_line": 28}, "main": {"executed_lines": [69, 71, 80, 82, 89, 91, 93, 95, 97, 98, 99, 100, 101, 102, 103, 104, 105, 106, 107, 108, 109, 111, 112, 113, 114], "summary": {"covered_lines": 25, "num_statements": 50, "percent_covered": 50.0, "percent_covered_display": "50", "missing_lines": 25, "excluded_lines": 0, "percent_statements_covered": 50.0, "percent_statements_covered_display": "50"}, "missing_lines": [72, 73, 74, 75, 76, 77, 78, 79, 81, 83, 84, 85, 86, 87, 88, 90, 92, 94, 96, 110, 115, 116, 117, 118, 119], "excluded_lines": [], "start_line": 68}, "": {"executed_lines": [4, 6, 7, 8, 9, 12, 15, 20, 28, 68, 122], "summary": {"covered_lines": 11, "num_statements": 12, "percent_covered": 91.66666666666667, "percent_covered_display": "92", "missing_lines": 1, "excluded_lines": 0, "percent_statements_covered": 91.66666666666667, "percent_statements_covered_display": "92"}, "missing_lines": [123], "excluded_lines": [], "start_line": 1}}, "classes": {"": {"executed_lines": [4, 6, 7, 8, 9, 12, 15, 20, 28, 29, 32, 34, 35, 36, 37, 38, 39, 40, 41, 42, 43, 44, 45, 46, 48, 49, 50, 51, 53, 54, 55, 56, 58, 59, 61, 62, 63, 65, 68, 69, 71, 80, 82, 89, 91, 93, 95, 97, 98, 99, 100, 101, 102, 103, 104, 105, 106, 107, 108, 109, 111, 112, 113, 114, 122], "summary": {"covered_lines": 65, "num_statements": 98, "percent_covered": 66.3265306122449, "percent_covered_display": "66", "missing_lines": 33, "excluded_lines": 0, "percent_statements_covered": 66.3265306122449, "percent_statements_covered_display": "66"}, "missing_lines": [16, 17, 21, 22, 23, 24, 25, 72, 73, 74, 75, 76, 77, 78, 79, 81, 83, 84, 85, 86, 87, 88, 90, 92, 94, 96, 110, 115, 116, 117, 118, 119, 123], "excluded_lines": [], "start_line": 1}}}, "scripts/backoffice_setup.py": {"executed_lines": [4, 6, 7, 8, 9, 10, 11, 13, 16, 17, 18, 19, 20, 21, 22, 24, 25, 37, 38, 41, 46, 51, 56, 61, 65, 69, 74, 77, 78, 79, 80, 83, 84, 85, 87, 88, 89, 90, 91, 92, 93, 96, 97, 98, 102, 106, 107, 110, 111, 113, 116, 121, 122, 123, 124, 126, 130, 131, 134, 146, 165, 166, 168, 169, 170, 175, 176, 177, 178, 179, 182, 222, 234, 235, 236, 241, 242, 243, 244, 245, 246, 247, 249, 253, 254, 255, 258, 259, 260, 261, 265, 266, 267, 268, 271, 272, 273, 274, 275, 276, 277, 278, 279, 280, 281, 282, 283, 288, 322], "summary": {"covered_lines": 109, "num_statements": 212, "percent_covered": 51.41509433962264, "percent_covered_display": "51", "missing_lines": 103, "excluded_lines": 0, "percent_statements_covered": 51.41509433962264, "percent_statements_covered_display": "51"}, "missing_lines": [86, 112, 117, 118, 125, 127, 128, 129, 135, 136, 137, 138, 139, 140, 141, 142, 143, 147, 148, 149, 150, 151, 152, 153, 154, 155, 156, 157, 158, 159, 160, 161, 162, 167, 183, 184, 185, 186, 187, 189, 195, 202, 203, 204, 205, 206, 207, 209, 210, 211, 212, 213, 214, 215, 216, 217, 218, 219, 223, 224, 225, 226, 227, 228, 229, 230, 231, 250, 251, 252, 262, 263, 264, 269, 270, 289, 291, 292, 293, 294, 295, 296, 297, 298, 300, 301, 302, 303, 304, 305, 306, 307, 309, 310, 311, 312, 313, 314, 315, 316, 317, 319, 323], "excluded_lines": [], "functions": {"parse_args": {"executed_lines": [38, 41, 46, 51, 56, 61, 65, 69, 74], "summary": {"covered_lines": 9, "num_statements": 9, "percent_covered": 100.0, "percent_covered_display": "100", "missing_lines": 0, "excluded_lines": 0, "percent_statements_covered": 100.0, "percent_statements_covered_display": "100"}, "missing_lines": [], "excluded_lines": [], "start_line": 37}, "print_header": {"executed_lines": [78, 79, 80], "summary": {"covered_lines": 3, "num_statements": 3, "percent_covered": 100.0, "percent_covered_display": "100", "missing_lines": 0, "excluded_lines": 0, "percent_statements_covered": 100.0, "percent_statements_covered_display": "100"}, "missing_lines": [], "excluded_lines": [], "start_line": 77}, "load_runner_config_file": {"executed_lines": [84, 85, 87, 88, 89, 90, 91, 92, 93], "summary": {"covered_lines": 9, "num_statements": 10, "percent_covered": 90.0, "percent_covered_display": "90", "missing_lines": 1, "excluded_lines": 0, "percent_statements_covered": 90.0, "percent_statements_covered_display": "90"}, "missing_lines": [86], "excluded_lines": [], "start_line": 83}, "detect_runner_status": {"executed_lines": [97, 98, 102, 106, 107], "summary": {"covered_lines": 5, "num_statements": 5, "percent_covered": 100.0, "percent_covered_display": "100", "missing_lines": 0, "excluded_lines": 0, "percent_statements_covered": 100.0, "percent_statements_covered_display": "100"}, "missing_lines": [], "excluded_lines": [], "start_line": 96}, "load_yaml": {"executed_lines": [111, 113], "summary": {"covered_lines": 2, "num_statements": 3, "percent_covered": 66.66666666666667, "percent_covered_display": "67", "missing_lines": 1, "excluded_lines": 0, "percent_statements_covered": 66.66666666666667, "percent_statements_covered_display": "67"}, "missing_lines": [112], "excluded_lines": [], "start_line": 110}, "ensure_executable": {"executed_lines": [], "summary": {"covered_lines": 0, "num_statements": 2, "percent_covered": 0.0, "percent_covered_display": "0", "missing_lines": 2, "excluded_lines": 0, "percent_statements_covered": 0.0, "percent_statements_covered_display": "0"}, "missing_lines": [117, 118], "excluded_lines": [], "start_line": 116}, "maybe_copy_file": {"executed_lines": [122, 123, 124, 126, 130, 131], "summary": {"covered_lines": 6, "num_statements": 10, "percent_covered": 60.0, "percent_covered_display": "60", "missing_lines": 4, "excluded_lines": 0, "percent_statements_covered": 60.0, "percent_statements_covered_display": "60"}, "missing_lines": [125, 127, 128, 129], "excluded_lines": [], "start_line": 121}, "summarize_agent_scripts": {"executed_lines": [], "summary": {"covered_lines": 0, "num_statements": 9, "percent_covered": 0.0, "percent_covered_display": "0", "missing_lines": 9, "excluded_lines": 0, "percent_statements_covered": 0.0, "percent_statements_covered_display": "0"}, "missing_lines": [135, 136, 137, 138, 139, 140, 141, 142, 143], "excluded_lines": [], "start_line": 134}, "summarize_runner": {"executed_lines": [], "summary": {"covered_lines": 0, "num_statements": 16, "percent_covered": 0.0, "percent_covered_display": "0", "missing_lines": 16, "excluded_lines": 0, "percent_statements_covered": 0.0, "percent_statements_covered_display": "0"}, "missing_lines": [147, 148, 149, 150, 151, 152, 153, 154, 155, 156, 157, 158, 159, 160, 161, 162], "excluded_lines": [], "start_line": 146}, "persist_runner_config": {"executed_lines": [166, 168, 169, 170, 175, 176, 177, 178, 179], "summary": {"covered_lines": 9, "num_statements": 10, "percent_covered": 90.0, "percent_covered_display": "90", "missing_lines": 1, "excluded_lines": 0, "percent_statements_covered": 90.0, "percent_statements_covered_display": "90"}, "missing_lines": [167], "excluded_lines": [], "start_line": 165}, "summarize_config_state": {"executed_lines": [], "summary": {"covered_lines": 0, "num_statements": 24, "percent_covered": 0.0, "percent_covered_display": "0", "missing_lines": 24, "excluded_lines": 0, "percent_statements_covered": 0.0, "percent_statements_covered_display": "0"}, "missing_lines": [183, 184, 185, 186, 187, 189, 195, 202, 203, 204, 205, 206, 207, 209, 210, 211, 212, 213, 214, 215, 216, 217, 218, 219], "excluded_lines": [], "start_line": 182}, "ensure_workspace": {"executed_lines": [], "summary": {"covered_lines": 0, "num_statements": 9, "percent_covered": 0.0, "percent_covered_display": "0", "missing_lines": 9, "excluded_lines": 0, "percent_statements_covered": 0.0, "percent_statements_covered_display": "0"}, "missing_lines": [223, 224, 225, 226, 227, 228, 229, 230, 231], "excluded_lines": [], "start_line": 222}, "summarize_prereqs": {"executed_lines": [235, 236, 241, 242, 243, 244, 245, 246, 247, 249, 253, 254, 255], "summary": {"covered_lines": 13, "num_statements": 16, "percent_covered": 81.25, "percent_covered_display": "81", "missing_lines": 3, "excluded_lines": 0, "percent_statements_covered": 81.25, "percent_statements_covered_display": "81"}, "missing_lines": [250, 251, 252], "excluded_lines": [], "start_line": 234}, "summarize_recent_usage": {"executed_lines": [259, 260, 261, 265, 266, 267, 268, 271, 272, 273, 274, 275, 276, 277, 278, 279, 280, 281, 282, 283], "summary": {"covered_lines": 20, "num_statements": 25, "percent_covered": 80.0, "percent_covered_display": "80", "missing_lines": 5, "excluded_lines": 0, "percent_statements_covered": 80.0, "percent_statements_covered_display": "80"}, "missing_lines": [262, 263, 264, 269, 270], "excluded_lines": [], "start_line": 258}, "main": {"executed_lines": [], "summary": {"covered_lines": 0, "num_statements": 27, "percent_covered": 0.0, "percent_covered_display": "0", "missing_lines": 27, "excluded_lines": 0, "percent_statements_covered": 0.0, "percent_statements_covered_display": "0"}, "missing_lines": [289, 291, 292, 293, 294, 295, 296, 297, 298, 300, 301, 302, 303, 304, 305, 306, 307, 309, 310, 311, 312, 313, 314, 315, 316, 317, 319], "excluded_lines": [], "start_line": 288}, "": {"executed_lines": [4, 6, 7, 8, 9, 10, 11, 13, 16, 17, 18, 19, 20, 21, 22, 24, 25, 37, 77, 83, 96, 110, 116, 121, 134, 146, 165, 182, 222, 234, 258, 288, 322], "summary": {"covered_lines": 33, "num_statements": 34, "percent_covered": 97.05882352941177, "percent_covered_display": "97", "missing_lines": 1, "excluded_lines": 0, "percent_statements_covered": 97.05882352941177, "percent_statements_covered_display": "97"}, "missing_lines": [323], "excluded_lines": [], "start_line": 1}}, "classes": {"": {"executed_lines": [4, 6, 7, 8, 9, 10, 11, 13, 16, 17, 18, 19, 20, 21, 22, 24, 25, 37, 38, 41, 46, 51, 56, 61, 65, 69, 74, 77, 78, 79, 80, 83, 84, 85, 87, 88, 89, 90, 91, 92, 93, 96, 97, 98, 102, 106, 107, 110, 111, 113, 116, 121, 122, 123, 124, 126, 130, 131, 134, 146, 165, 166, 168, 169, 170, 175, 176, 177, 178, 179, 182, 222, 234, 235, 236, 241, 242, 243, 244, 245, 246, 247, 249, 253, 254, 255, 258, 259, 260, 261, 265, 266, 267, 268, 271, 272, 273, 274, 275, 276, 277, 278, 279, 280, 281, 282, 283, 288, 322], "summary": {"covered_lines": 109, "num_statements": 212, "percent_covered": 51.41509433962264, "percent_covered_display": "51", "missing_lines": 103, "excluded_lines": 0, "percent_statements_covered": 51.41509433962264, "percent_statements_covered_display": "51"}, "missing_lines": [86, 112, 117, 118, 125, 127, 128, 129, 135, 136, 137, 138, 139, 140, 141, 142, 143, 147, 148, 149, 150, 151, 152, 153, 154, 155, 156, 157, 158, 159, 160, 161, 162, 167, 183, 184, 185, 186, 187, 189, 195, 202, 203, 204, 205, 206, 207, 209, 210, 211, 212, 213, 214, 215, 216, 217, 218, 219, 223, 224, 225, 226, 227, 228, 229, 230, 231, 250, 251, 252, 262, 263, 264, 269, 270, 289, 291, 292, 293, 294, 295, 296, 297, 298, 300, 301, 302, 303, 304, 305, 306, 307, 309, 310, 311, 312, 313, 314, 315, 316, 317, 319, 323], "excluded_lines": [], "start_line": 1}}}, "scripts/dashboard-server.py": {"executed_lines": [13, 14, 15, 16, 17, 18, 19, 20, 21, 23, 24, 25, 26, 27, 29, 38, 40, 41, 44, 45, 48, 63, 80, 82, 83, 84, 85, 87, 94, 95, 96, 97, 99, 100, 101, 104, 113, 114, 117, 118, 119, 120, 121, 123, 124, 125, 126, 127, 129, 143, 144, 145, 147, 148, 152, 153, 154, 155, 156, 157, 158, 159, 161, 162, 163, 166, 168, 169, 171, 172, 176, 178, 179, 187, 188, 199, 201, 202, 203, 213, 214, 220, 221, 224, 225, 226, 234, 236, 238, 239, 261, 268, 289, 332, 334, 335, 336, 337, 345, 353], "summary": {"covered_lines": 100, "num_statements": 233, "percent_covered": 42.918454935622314, "percent_covered_display": "43", "missing_lines": 133, "excluded_lines": 0, "percent_statements_covered": 42.918454935622314, "percent_statements_covered_display": "43"}, "missing_lines": [49, 50, 51, 52, 53, 55, 56, 58, 60, 64, 68, 69, 70, 71, 74, 75, 76, 77, 88, 89, 91, 92, 106, 115, 130, 132, 133, 134, 135, 136, 137, 138, 139, 141, 146, 149, 150, 180, 184, 189, 190, 192, 193, 209, 215, 218, 227, 231, 242, 243, 244, 246, 247, 248, 249, 250, 252, 258, 259, 270, 271, 272, 274, 275, 276, 277, 279, 280, 281, 282, 283, 285, 286, 287, 291, 292, 293, 295, 296, 297, 298, 299, 301, 302, 303, 304, 305, 306, 307, 308, 309, 310, 312, 313, 314, 315, 328, 329, 330, 339, 340, 341, 342, 343, 347, 348, 349, 350, 354, 355, 356, 357, 358, 359, 360, 361, 362, 364, 365, 367, 368, 369, 371, 372, 374, 375, 376, 377, 379, 380, 381, 382, 383], "excluded_lines": [], "functions": {"_load_manual_items": {"executed_lines": [], "summary": {"covered_lines": 0, "num_statements": 9, "percent_covered": 0.0, "percent_covered_display": "0", "missing_lines": 9, "excluded_lines": 0, "percent_statements_covered": 0.0, "percent_statements_covered_display": "0"}, "missing_lines": [49, 50, 51, 52, 53, 55, 56, 58, 60], "excluded_lines": [], "start_line": 48}, "_save_manual_items": {"executed_lines": [], "summary": {"covered_lines": 0, "num_statements": 9, "percent_covered": 0.0, "percent_covered_display": "0", "missing_lines": 9, "excluded_lines": 0, "percent_statements_covered": 0.0, "percent_statements_covered_display": "0"}, "missing_lines": [64, 68, 69, 70, 71, 74, 75, 76, 77], "excluded_lines": [], "start_line": 63}, "run_agent": {"executed_lines": [82, 83, 84, 85, 87, 94, 95, 96, 97, 99, 100, 101], "summary": {"covered_lines": 12, "num_statements": 12, "percent_covered": 100.0, "percent_covered_display": "100", "missing_lines": 0, "excluded_lines": 0, "percent_statements_covered": 100.0, "percent_statements_covered_display": "100"}, "missing_lines": [], "excluded_lines": [], "start_line": 80}, "run_agent._run": {"executed_lines": [], "summary": {"covered_lines": 0, "num_statements": 4, "percent_covered": 0.0, "percent_covered_display": "0", "missing_lines": 4, "excluded_lines": 0, "percent_statements_covered": 0.0, "percent_statements_covered_display": "0"}, "missing_lines": [88, 89, 91, 92], "excluded_lines": [], "start_line": 87}, "init_jobs": {"executed_lines": [], "summary": {"covered_lines": 0, "num_statements": 1, "percent_covered": 0.0, "percent_covered_display": "0", "missing_lines": 1, "excluded_lines": 0, "percent_statements_covered": 0.0, "percent_statements_covered_display": "0"}, "missing_lines": [106], "excluded_lines": [], "start_line": 104}, "DashboardHandler.__init__": {"executed_lines": [], "summary": {"covered_lines": 0, "num_statements": 1, "percent_covered": 0.0, "percent_covered_display": "0", "missing_lines": 1, "excluded_lines": 0, "percent_statements_covered": 0.0, "percent_statements_covered_display": "0"}, "missing_lines": [115], "excluded_lines": [], "start_line": 114}, "DashboardHandler._origin_allowed": {"executed_lines": [118, 119, 120, 121], "summary": {"covered_lines": 4, "num_statements": 4, "percent_covered": 100.0, "percent_covered_display": "100", "missing_lines": 0, "excluded_lines": 0, "percent_statements_covered": 100.0, "percent_statements_covered_display": "100"}, "missing_lines": [], "excluded_lines": [], "start_line": 117}, "DashboardHandler._set_cors_headers": {"executed_lines": [124, 125, 126, 127], "summary": {"covered_lines": 4, "num_statements": 4, "percent_covered": 100.0, "percent_covered_display": "100", "missing_lines": 0, "excluded_lines": 0, "percent_statements_covered": 100.0, "percent_statements_covered_display": "100"}, "missing_lines": [], "excluded_lines": [], "start_line": 123}, "DashboardHandler.do_POST": {"executed_lines": [], "summary": {"covered_lines": 0, "num_statements": 10, "percent_covered": 0.0, "percent_covered_display": "0", "missing_lines": 10, "excluded_lines": 0, "percent_statements_covered": 0.0, "percent_statements_covered_display": "0"}, "missing_lines": [130, 132, 133, 134, 135, 136, 137, 138, 139, 141], "excluded_lines": [], "start_line": 129}, "DashboardHandler._read_body": {"executed_lines": [144, 145, 147, 148], "summary": {"covered_lines": 4, "num_statements": 7, "percent_covered": 57.142857142857146, "percent_covered_display": "57", "missing_lines": 3, "excluded_lines": 0, "percent_statements_covered": 57.142857142857146, "percent_statements_covered_display": "57"}, "missing_lines": [146, 149, 150], "excluded_lines": [], "start_line": 143}, "DashboardHandler._json_response": {"executed_lines": [153, 154, 155, 156, 157, 158, 159], "summary": {"covered_lines": 7, "num_statements": 7, "percent_covered": 100.0, "percent_covered_display": "100", "missing_lines": 0, "excluded_lines": 0, "percent_statements_covered": 100.0, "percent_statements_covered_display": "100"}, "missing_lines": [], "excluded_lines": [], "start_line": 152}, "DashboardHandler._handle_run_scan": {"executed_lines": [162, 163, 166, 168, 169, 171, 172, 176, 178, 179, 187, 188, 199, 201, 202, 203], "summary": {"covered_lines": 16, "num_statements": 23, "percent_covered": 69.56521739130434, "percent_covered_display": "70", "missing_lines": 7, "excluded_lines": 0, "percent_statements_covered": 69.56521739130434, "percent_statements_covered_display": "70"}, "missing_lines": [180, 184, 189, 190, 192, 193, 209], "excluded_lines": [], "start_line": 161}, "DashboardHandler._handle_run_all": {"executed_lines": [214, 220, 221, 224, 225, 226, 234, 236, 238, 239, 261], "summary": {"covered_lines": 11, "num_statements": 26, "percent_covered": 42.30769230769231, "percent_covered_display": "42", "missing_lines": 15, "excluded_lines": 0, "percent_statements_covered": 42.30769230769231, "percent_statements_covered_display": "42"}, "missing_lines": [215, 218, 227, 231, 242, 243, 244, 246, 247, 248, 249, 250, 252, 258, 259], "excluded_lines": [], "start_line": 213}, "DashboardHandler._handle_run_regression": {"executed_lines": [], "summary": {"covered_lines": 0, "num_statements": 11, "percent_covered": 0.0, "percent_covered_display": "0", "missing_lines": 11, "excluded_lines": 0, "percent_statements_covered": 0.0, "percent_statements_covered_display": "0"}, "missing_lines": [270, 271, 272, 274, 275, 276, 277, 279, 285, 286, 287], "excluded_lines": [], "start_line": 268}, "DashboardHandler._handle_run_regression._run": {"executed_lines": [], "summary": {"covered_lines": 0, "num_statements": 4, "percent_covered": 0.0, "percent_covered_display": "0", "missing_lines": 4, "excluded_lines": 0, "percent_statements_covered": 0.0, "percent_statements_covered_display": "0"}, "missing_lines": [280, 281, 282, 283], "excluded_lines": [], "start_line": 279}, "DashboardHandler._handle_manual_item": {"executed_lines": [], "summary": {"covered_lines": 0, "num_statements": 25, "percent_covered": 0.0, "percent_covered_display": "0", "missing_lines": 25, "excluded_lines": 0, "percent_statements_covered": 0.0, "percent_statements_covered_display": "0"}, "missing_lines": [291, 292, 293, 295, 296, 297, 298, 299, 301, 302, 303, 304, 305, 306, 307, 308, 309, 310, 312, 313, 314, 315, 328, 329, 330], "excluded_lines": [], "start_line": 289}, "DashboardHandler.do_OPTIONS": {"executed_lines": [334, 335, 336, 337], "summary": {"covered_lines": 4, "num_statements": 9, "percent_covered": 44.44444444444444, "percent_covered_display": "44", "missing_lines": 5, "excluded_lines": 0, "percent_statements_covered": 44.44444444444444, "percent_statements_covered_display": "44"}, "missing_lines": [339, 340, 341, 342, 343], "excluded_lines": [], "start_line": 332}, "DashboardHandler.log_message": {"executed_lines": [], "summary": {"covered_lines": 0, "num_statements": 4, "percent_covered": 0.0, "percent_covered_display": "0", "missing_lines": 4, "excluded_lines": 0, "percent_statements_covered": 0.0, "percent_statements_covered_display": "0"}, "missing_lines": [347, 348, 349, 350], "excluded_lines": [], "start_line": 345}, "": {"executed_lines": [13, 14, 15, 16, 17, 18, 19, 20, 21, 23, 24, 25, 26, 27, 29, 38, 40, 41, 44, 45, 48, 63, 80, 104, 113, 114, 117, 123, 129, 143, 152, 161, 213, 268, 289, 332, 345, 353], "summary": {"covered_lines": 38, "num_statements": 63, "percent_covered": 60.317460317460316, "percent_covered_display": "60", "missing_lines": 25, "excluded_lines": 0, "percent_statements_covered": 60.317460317460316, "percent_statements_covered_display": "60"}, "missing_lines": [354, 355, 356, 357, 358, 359, 360, 361, 362, 364, 365, 367, 368, 369, 371, 372, 374, 375, 376, 377, 379, 380, 381, 382, 383], "excluded_lines": [], "start_line": 1}}, "classes": {"DashboardHandler": {"executed_lines": [118, 119, 120, 121, 124, 125, 126, 127, 144, 145, 147, 148, 153, 154, 155, 156, 157, 158, 159, 162, 163, 166, 168, 169, 171, 172, 176, 178, 179, 187, 188, 199, 201, 202, 203, 214, 220, 221, 224, 225, 226, 234, 236, 238, 239, 261, 334, 335, 336, 337], "summary": {"covered_lines": 50, "num_statements": 135, "percent_covered": 37.03703703703704, "percent_covered_display": "37", "missing_lines": 85, "excluded_lines": 0, "percent_statements_covered": 37.03703703703704, "percent_statements_covered_display": "37"}, "missing_lines": [115, 130, 132, 133, 134, 135, 136, 137, 138, 139, 141, 146, 149, 150, 180, 184, 189, 190, 192, 193, 209, 215, 218, 227, 231, 242, 243, 244, 246, 247, 248, 249, 250, 252, 258, 259, 270, 271, 272, 274, 275, 276, 277, 279, 280, 281, 282, 283, 285, 286, 287, 291, 292, 293, 295, 296, 297, 298, 299, 301, 302, 303, 304, 305, 306, 307, 308, 309, 310, 312, 313, 314, 315, 328, 329, 330, 339, 340, 341, 342, 343, 347, 348, 349, 350], "excluded_lines": [], "start_line": 113}, "": {"executed_lines": [13, 14, 15, 16, 17, 18, 19, 20, 21, 23, 24, 25, 26, 27, 29, 38, 40, 41, 44, 45, 48, 63, 80, 82, 83, 84, 85, 87, 94, 95, 96, 97, 99, 100, 101, 104, 113, 114, 117, 123, 129, 143, 152, 161, 213, 268, 289, 332, 345, 353], "summary": {"covered_lines": 50, "num_statements": 98, "percent_covered": 51.02040816326531, "percent_covered_display": "51", "missing_lines": 48, "excluded_lines": 0, "percent_statements_covered": 51.02040816326531, "percent_statements_covered_display": "51"}, "missing_lines": [49, 50, 51, 52, 53, 55, 56, 58, 60, 64, 68, 69, 70, 71, 74, 75, 76, 77, 88, 89, 91, 92, 106, 354, 355, 356, 357, 358, 359, 360, 361, 362, 364, 365, 367, 368, 369, 371, 372, 374, 375, 376, 377, 379, 380, 381, 382, 383], "excluded_lines": [], "start_line": 1}}}, "scripts/generate-delivery-data.py": {"executed_lines": [4, 6, 7, 8, 9, 11, 13, 19, 20, 21, 22, 23, 25, 26, 27, 28, 48, 49, 60, 61, 64, 65, 66, 69, 70, 71, 77, 78, 79, 80, 81, 82, 85, 112, 120, 128, 140, 141, 148, 205, 208, 216, 217, 219, 220, 222, 250, 251, 254, 257, 258, 259, 260, 261, 262, 263, 264, 267, 268, 269, 270, 271, 275, 277, 279, 281, 282, 290, 300, 301, 302, 304, 306, 308, 309, 310, 311, 312, 316, 317, 318, 319, 320, 321, 335, 336, 337, 347, 348, 349, 350, 351, 352, 353, 354, 356, 363, 364, 365, 366, 367, 368, 369, 370, 371, 372, 374, 377, 378, 379, 380, 381, 382, 383, 384, 386, 406, 407, 408, 409, 411, 416, 417, 418, 419, 421, 424, 425], "summary": {"covered_lines": 128, "num_statements": 205, "percent_covered": 62.4390243902439, "percent_covered_display": "62", "missing_lines": 77, "excluded_lines": 0, "percent_statements_covered": 62.4390243902439, "percent_statements_covered_display": "62"}, "missing_lines": [72, 73, 74, 86, 87, 88, 89, 90, 91, 93, 94, 95, 96, 97, 98, 99, 100, 109, 113, 114, 115, 116, 117, 121, 122, 123, 124, 125, 129, 130, 131, 132, 133, 134, 135, 136, 137, 149, 150, 151, 152, 154, 160, 166, 174, 180, 186, 192, 199, 209, 210, 211, 212, 213, 252, 253, 278, 280, 283, 284, 285, 286, 287, 291, 292, 293, 294, 295, 296, 297, 303, 305, 307, 313, 322, 333, 373], "excluded_lines": [], "functions": {"iso_now": {"executed_lines": [61], "summary": {"covered_lines": 1, "num_statements": 1, "percent_covered": 100.0, "percent_covered_display": "100", "missing_lines": 0, "excluded_lines": 0, "percent_statements_covered": 100.0, "percent_statements_covered_display": "100"}, "missing_lines": [], "excluded_lines": [], "start_line": 60}, "load_yaml": {"executed_lines": [65, 66], "summary": {"covered_lines": 2, "num_statements": 2, "percent_covered": 100.0, "percent_covered_display": "100", "missing_lines": 0, "excluded_lines": 0, "percent_statements_covered": 100.0, "percent_statements_covered_display": "100"}, "missing_lines": [], "excluded_lines": [], "start_line": 64}, "load_targets_config": {"executed_lines": [70, 71], "summary": {"covered_lines": 2, "num_statements": 5, "percent_covered": 40.0, "percent_covered_display": "40", "missing_lines": 3, "excluded_lines": 0, "percent_statements_covered": 40.0, "percent_statements_covered_display": "40"}, "missing_lines": [72, 73, 74], "excluded_lines": [], "start_line": 69}, "load_json": {"executed_lines": [78, 79, 80, 81, 82], "summary": {"covered_lines": 5, "num_statements": 5, "percent_covered": 100.0, "percent_covered_display": "100", "missing_lines": 0, "excluded_lines": 0, "percent_statements_covered": 100.0, "percent_statements_covered_display": "100"}, "missing_lines": [], "excluded_lines": [], "start_line": 77}, "list_workflows": {"executed_lines": [], "summary": {"covered_lines": 0, "num_statements": 15, "percent_covered": 0.0, "percent_covered_display": "0", "missing_lines": 15, "excluded_lines": 0, "percent_statements_covered": 0.0, "percent_statements_covered_display": "0"}, "missing_lines": [86, 87, 88, 89, 90, 91, 93, 94, 95, 96, 97, 98, 99, 100, 109], "excluded_lines": [], "start_line": 85}, "contains_schedule": {"executed_lines": [], "summary": {"covered_lines": 0, "num_statements": 5, "percent_covered": 0.0, "percent_covered_display": "0", "missing_lines": 5, "excluded_lines": 0, "percent_statements_covered": 0.0, "percent_statements_covered_display": "0"}, "missing_lines": [113, 114, 115, 116, 117], "excluded_lines": [], "start_line": 112}, "contains_pull_request": {"executed_lines": [], "summary": {"covered_lines": 0, "num_statements": 5, "percent_covered": 0.0, "percent_covered_display": "0", "missing_lines": 5, "excluded_lines": 0, "percent_statements_covered": 0.0, "percent_statements_covered_display": "0"}, "missing_lines": [121, 122, 123, 124, 125], "excluded_lines": [], "start_line": 120}, "contains_push_main": {"executed_lines": [], "summary": {"covered_lines": 0, "num_statements": 9, "percent_covered": 0.0, "percent_covered_display": "0", "missing_lines": 9, "excluded_lines": 0, "percent_statements_covered": 0.0, "percent_statements_covered_display": "0"}, "missing_lines": [129, 130, 131, 132, 133, 134, 135, 136, 137], "excluded_lines": [], "start_line": 128}, "detect_workflow_status": {"executed_lines": [141, 148, 205], "summary": {"covered_lines": 3, "num_statements": 15, "percent_covered": 20.0, "percent_covered_display": "20", "missing_lines": 12, "excluded_lines": 0, "percent_statements_covered": 20.0, "percent_statements_covered_display": "20"}, "missing_lines": [149, 150, 151, 152, 154, 160, 166, 174, 180, 186, 192, 199], "excluded_lines": [], "start_line": 140}, "read_package_scripts": {"executed_lines": [], "summary": {"covered_lines": 0, "num_statements": 5, "percent_covered": 0.0, "percent_covered_display": "0", "missing_lines": 5, "excluded_lines": 0, "percent_statements_covered": 0.0, "percent_statements_covered_display": "0"}, "missing_lines": [209, 210, 211, 212, 213], "excluded_lines": [], "start_line": 208}, "detect_command_coverage": {"executed_lines": [217, 219, 222], "summary": {"covered_lines": 3, "num_statements": 3, "percent_covered": 100.0, "percent_covered_display": "100", "missing_lines": 0, "excluded_lines": 0, "percent_statements_covered": 100.0, "percent_statements_covered_display": "100"}, "missing_lines": [], "excluded_lines": [], "start_line": 216}, "detect_command_coverage.has_script": {"executed_lines": [220], "summary": {"covered_lines": 1, "num_statements": 1, "percent_covered": 100.0, "percent_covered_display": "100", "missing_lines": 0, "excluded_lines": 0, "percent_statements_covered": 100.0, "percent_statements_covered_display": "100"}, "missing_lines": [], "excluded_lines": [], "start_line": 219}, "find_product_key": {"executed_lines": [251, 254], "summary": {"covered_lines": 2, "num_statements": 4, "percent_covered": 50.0, "percent_covered_display": "50", "missing_lines": 2, "excluded_lines": 0, "percent_statements_covered": 50.0, "percent_statements_covered_display": "50"}, "missing_lines": [252, 253], "excluded_lines": [], "start_line": 250}, "read_findings": {"executed_lines": [258, 259, 260, 261, 262, 263, 264], "summary": {"covered_lines": 7, "num_statements": 7, "percent_covered": 100.0, "percent_covered_display": "100", "missing_lines": 0, "excluded_lines": 0, "percent_statements_covered": 100.0, "percent_statements_covered_display": "100"}, "missing_lines": [], "excluded_lines": [], "start_line": 257}, "is_safe_candidate": {"executed_lines": [268, 269, 270, 271, 275, 277, 279, 281, 282], "summary": {"covered_lines": 9, "num_statements": 16, "percent_covered": 56.25, "percent_covered_display": "56", "missing_lines": 7, "excluded_lines": 0, "percent_statements_covered": 56.25, "percent_statements_covered_display": "56"}, "missing_lines": [278, 280, 283, 284, 285, 286, 287], "excluded_lines": [], "start_line": 267}, "overnight_bucket": {"executed_lines": [], "summary": {"covered_lines": 0, "num_statements": 7, "percent_covered": 0.0, "percent_covered_display": "0", "missing_lines": 7, "excluded_lines": 0, "percent_statements_covered": 0.0, "percent_statements_covered_display": "0"}, "missing_lines": [291, 292, 293, 294, 295, 296, 297], "excluded_lines": [], "start_line": 290}, "sprint_bucket": {"executed_lines": [301, 302, 304, 306, 308, 309, 310, 311, 312], "summary": {"covered_lines": 9, "num_statements": 13, "percent_covered": 69.23076923076923, "percent_covered_display": "69", "missing_lines": 4, "excluded_lines": 0, "percent_statements_covered": 69.23076923076923, "percent_statements_covered_display": "69"}, "missing_lines": [303, 305, 307, 313], "excluded_lines": [], "start_line": 300}, "summarize_candidates": {"executed_lines": [317, 318, 319, 320, 321, 335, 336, 337, 347, 348, 349, 350, 351, 352, 353, 354, 356], "summary": {"covered_lines": 17, "num_statements": 19, "percent_covered": 89.47368421052632, "percent_covered_display": "89", "missing_lines": 2, "excluded_lines": 0, "percent_statements_covered": 89.47368421052632, "percent_statements_covered_display": "89"}, "missing_lines": [322, 333], "excluded_lines": [], "start_line": 316}, "delivery_readiness": {"executed_lines": [364, 365, 366, 367, 368, 369, 370, 371, 372, 374], "summary": {"covered_lines": 10, "num_statements": 11, "percent_covered": 90.9090909090909, "percent_covered_display": "91", "missing_lines": 1, "excluded_lines": 0, "percent_statements_covered": 90.9090909090909, "percent_statements_covered_display": "91"}, "missing_lines": [373], "excluded_lines": [], "start_line": 363}, "target_summary": {"executed_lines": [378, 379, 380, 381, 382, 383, 384, 386], "summary": {"covered_lines": 8, "num_statements": 8, "percent_covered": 100.0, "percent_covered_display": "100", "missing_lines": 0, "excluded_lines": 0, "percent_statements_covered": 100.0, "percent_statements_covered_display": "100"}, "missing_lines": [], "excluded_lines": [], "start_line": 377}, "main": {"executed_lines": [407, 408, 409, 411, 416, 417, 418, 419, 421], "summary": {"covered_lines": 9, "num_statements": 9, "percent_covered": 100.0, "percent_covered_display": "100", "missing_lines": 0, "excluded_lines": 0, "percent_statements_covered": 100.0, "percent_statements_covered_display": "100"}, "missing_lines": [], "excluded_lines": [], "start_line": 406}, "": {"executed_lines": [4, 6, 7, 8, 9, 11, 13, 19, 20, 21, 22, 23, 25, 26, 27, 28, 48, 49, 60, 64, 69, 77, 85, 112, 120, 128, 140, 208, 216, 250, 257, 267, 290, 300, 316, 363, 377, 406, 424, 425], "summary": {"covered_lines": 40, "num_statements": 40, "percent_covered": 100.0, "percent_covered_display": "100", "missing_lines": 0, "excluded_lines": 0, "percent_statements_covered": 100.0, "percent_statements_covered_display": "100"}, "missing_lines": [], "excluded_lines": [], "start_line": 1}}, "classes": {"": {"executed_lines": [4, 6, 7, 8, 9, 11, 13, 19, 20, 21, 22, 23, 25, 26, 27, 28, 48, 49, 60, 61, 64, 65, 66, 69, 70, 71, 77, 78, 79, 80, 81, 82, 85, 112, 120, 128, 140, 141, 148, 205, 208, 216, 217, 219, 220, 222, 250, 251, 254, 257, 258, 259, 260, 261, 262, 263, 264, 267, 268, 269, 270, 271, 275, 277, 279, 281, 282, 290, 300, 301, 302, 304, 306, 308, 309, 310, 311, 312, 316, 317, 318, 319, 320, 321, 335, 336, 337, 347, 348, 349, 350, 351, 352, 353, 354, 356, 363, 364, 365, 366, 367, 368, 369, 370, 371, 372, 374, 377, 378, 379, 380, 381, 382, 383, 384, 386, 406, 407, 408, 409, 411, 416, 417, 418, 419, 421, 424, 425], "summary": {"covered_lines": 128, "num_statements": 205, "percent_covered": 62.4390243902439, "percent_covered_display": "62", "missing_lines": 77, "excluded_lines": 0, "percent_statements_covered": 62.4390243902439, "percent_statements_covered_display": "62"}, "missing_lines": [72, 73, 74, 86, 87, 88, 89, 90, 91, 93, 94, 95, 96, 97, 98, 99, 100, 109, 113, 114, 115, 116, 117, 121, 122, 123, 124, 125, 129, 130, 131, 132, 133, 134, 135, 136, 137, 149, 150, 151, 152, 154, 160, 166, 174, 180, 186, 192, 199, 209, 210, 211, 212, 213, 252, 253, 278, 280, 283, 284, 285, 286, 287, 291, 292, 293, 294, 295, 296, 297, 303, 305, 307, 313, 322, 333, 373], "excluded_lines": [], "start_line": 1}}}, "scripts/local_audit_workflow.py": {"executed_lines": [9, 11, 12, 13, 14, 15, 16, 17, 19, 21, 25, 26, 27, 28, 32, 36, 40, 41, 42, 43, 44, 46, 55, 64, 72, 75, 76, 78, 79, 80, 92, 93, 94, 96, 97, 98, 99, 116, 117, 118, 119, 120, 122, 125, 126, 128, 131, 132, 133, 135, 138, 145, 146, 149, 150, 151, 152, 153, 154, 157, 158, 161, 162, 164, 165, 166, 167, 168, 171, 172, 173, 174, 175, 184, 185, 186, 187, 188, 192, 194, 207, 208, 209, 210, 211, 212, 213, 214, 215, 220, 231, 232, 233, 234, 240, 241, 242, 243, 244, 245, 246, 248, 256, 257, 258, 259, 260, 261, 264, 265, 266, 267, 268, 269, 272, 274, 275, 276, 277, 280, 281, 286, 298, 301, 305, 311, 326, 327, 328, 329, 330, 331, 336, 338, 341, 342, 349, 350, 351, 352, 353, 354, 357, 358, 368, 369, 384, 385, 386, 387, 389, 390, 392, 393, 394, 399, 400, 404, 409, 412, 413, 414, 415, 421, 422, 428, 429], "summary": {"covered_lines": 167, "num_statements": 237, "percent_covered": 70.46413502109705, "percent_covered_display": "70", "missing_lines": 70, "excluded_lines": 0, "percent_statements_covered": 70.46413502109705, "percent_statements_covered_display": "70"}, "missing_lines": [77, 81, 82, 83, 85, 86, 87, 88, 89, 101, 102, 109, 110, 111, 112, 113, 121, 127, 129, 134, 139, 140, 141, 142, 163, 189, 190, 302, 306, 307, 308, 312, 313, 314, 315, 316, 318, 319, 320, 321, 322, 323, 332, 333, 343, 344, 345, 346, 359, 360, 361, 362, 363, 364, 365, 370, 371, 372, 373, 374, 375, 376, 377, 378, 379, 380, 381, 423, 424, 425], "excluded_lines": [], "functions": {"extract_scanned_at": {"executed_lines": [76, 78, 79, 80], "summary": {"covered_lines": 4, "num_statements": 13, "percent_covered": 30.76923076923077, "percent_covered_display": "31", "missing_lines": 9, "excluded_lines": 0, "percent_statements_covered": 30.76923076923077, "percent_statements_covered_display": "31"}, "missing_lines": [77, 81, 82, 83, 85, 86, 87, 88, 89], "excluded_lines": [], "start_line": 75}, "extract_score": {"executed_lines": [93, 94, 96, 97, 98, 99], "summary": {"covered_lines": 6, "num_statements": 13, "percent_covered": 46.15384615384615, "percent_covered_display": "46", "missing_lines": 7, "excluded_lines": 0, "percent_statements_covered": 46.15384615384615, "percent_statements_covered_display": "46"}, "missing_lines": [101, 102, 109, 110, 111, 112, 113], "excluded_lines": [], "start_line": 92}, "load_targets": {"executed_lines": [117, 118, 119, 120, 122], "summary": {"covered_lines": 5, "num_statements": 6, "percent_covered": 83.33333333333333, "percent_covered_display": "83", "missing_lines": 1, "excluded_lines": 0, "percent_statements_covered": 83.33333333333333, "percent_statements_covered_display": "83"}, "missing_lines": [121], "excluded_lines": [], "start_line": 116}, "normalize_departments": {"executed_lines": [126, 128, 131, 132, 133, 135], "summary": {"covered_lines": 6, "num_statements": 9, "percent_covered": 66.66666666666667, "percent_covered_display": "67", "missing_lines": 3, "excluded_lines": 0, "percent_statements_covered": 66.66666666666667, "percent_statements_covered_display": "67"}, "missing_lines": [127, 129, 134], "excluded_lines": [], "start_line": 125}, "resolve_target": {"executed_lines": [], "summary": {"covered_lines": 0, "num_statements": 4, "percent_covered": 0.0, "percent_covered_display": "0", "missing_lines": 4, "excluded_lines": 0, "percent_statements_covered": 0.0, "percent_statements_covered_display": "0"}, "missing_lines": [139, 140, 141, 142], "excluded_lines": [], "start_line": 138}, "default_departments": {"executed_lines": [146], "summary": {"covered_lines": 1, "num_statements": 1, "percent_covered": 100.0, "percent_covered_display": "100", "missing_lines": 0, "excluded_lines": 0, "percent_statements_covered": 100.0, "percent_statements_covered_display": "100"}, "missing_lines": [], "excluded_lines": [], "start_line": 145}, "read_json": {"executed_lines": [150, 151, 152, 153, 154], "summary": {"covered_lines": 5, "num_statements": 5, "percent_covered": 100.0, "percent_covered_display": "100", "missing_lines": 0, "excluded_lines": 0, "percent_statements_covered": 100.0, "percent_statements_covered_display": "100"}, "missing_lines": [], "excluded_lines": [], "start_line": 149}, "iso_now": {"executed_lines": [158], "summary": {"covered_lines": 1, "num_statements": 1, "percent_covered": 100.0, "percent_covered_display": "100", "missing_lines": 0, "excluded_lines": 0, "percent_statements_covered": 100.0, "percent_statements_covered_display": "100"}, "missing_lines": [], "excluded_lines": [], "start_line": 157}, "qa_score_from_summary": {"executed_lines": [162, 164, 165, 166, 167, 168], "summary": {"covered_lines": 6, "num_statements": 7, "percent_covered": 85.71428571428571, "percent_covered_display": "86", "missing_lines": 1, "excluded_lines": 0, "percent_statements_covered": 85.71428571428571, "percent_statements_covered_display": "86"}, "missing_lines": [163], "excluded_lines": [], "start_line": 161}, "summarize_department": {"executed_lines": [172, 173, 174, 175, 184, 185, 186, 187, 188, 192, 194], "summary": {"covered_lines": 11, "num_statements": 13, "percent_covered": 84.61538461538461, "percent_covered_display": "85", "missing_lines": 2, "excluded_lines": 0, "percent_statements_covered": 84.61538461538461, "percent_statements_covered_display": "85"}, "missing_lines": [189, 190], "excluded_lines": [], "start_line": 171}, "collect_target_snapshot": {"executed_lines": [208, 209, 210, 211, 212, 213, 214, 215, 220], "summary": {"covered_lines": 9, "num_statements": 9, "percent_covered": 100.0, "percent_covered_display": "100", "missing_lines": 0, "excluded_lines": 0, "percent_statements_covered": 100.0, "percent_statements_covered_display": "100"}, "missing_lines": [], "excluded_lines": [], "start_line": 207}, "write_audit_log": {"executed_lines": [232, 233, 234, 240, 241, 242, 243, 244, 245, 246, 248, 256, 257, 258, 259, 260, 261, 264, 265, 266, 267, 268, 269, 272, 274, 275, 276, 277], "summary": {"covered_lines": 28, "num_statements": 28, "percent_covered": 100.0, "percent_covered_display": "100", "missing_lines": 0, "excluded_lines": 0, "percent_statements_covered": 100.0, "percent_statements_covered_display": "100"}, "missing_lines": [], "excluded_lines": [], "start_line": 231}, "refresh_dashboard_artifacts": {"executed_lines": [281, 286, 298], "summary": {"covered_lines": 3, "num_statements": 3, "percent_covered": 100.0, "percent_covered_display": "100", "missing_lines": 0, "excluded_lines": 0, "percent_statements_covered": 100.0, "percent_statements_covered_display": "100"}, "missing_lines": [], "excluded_lines": [], "start_line": 280}, "run_job_status": {"executed_lines": [], "summary": {"covered_lines": 0, "num_statements": 1, "percent_covered": 0.0, "percent_covered_display": "0", "missing_lines": 1, "excluded_lines": 0, "percent_statements_covered": 0.0, "percent_statements_covered_display": "0"}, "missing_lines": [302], "excluded_lines": [], "start_line": 301}, "run_department": {"executed_lines": [], "summary": {"covered_lines": 0, "num_statements": 3, "percent_covered": 0.0, "percent_covered_display": "0", "missing_lines": 3, "excluded_lines": 0, "percent_statements_covered": 0.0, "percent_statements_covered_display": "0"}, "missing_lines": [306, 307, 308], "excluded_lines": [], "start_line": 305}, "run_target": {"executed_lines": [], "summary": {"covered_lines": 0, "num_statements": 11, "percent_covered": 0.0, "percent_covered_display": "0", "missing_lines": 11, "excluded_lines": 0, "percent_statements_covered": 0.0, "percent_statements_covered_display": "0"}, "missing_lines": [312, 313, 314, 315, 316, 318, 319, 320, 321, 322, 323], "excluded_lines": [], "start_line": 311}, "with_run_lock": {"executed_lines": [327, 338], "summary": {"covered_lines": 2, "num_statements": 2, "percent_covered": 100.0, "percent_covered_display": "100", "missing_lines": 0, "excluded_lines": 0, "percent_statements_covered": 100.0, "percent_statements_covered_display": "100"}, "missing_lines": [], "excluded_lines": [], "start_line": 326}, "with_run_lock._wrapped": {"executed_lines": [328, 329, 330, 331, 336], "summary": {"covered_lines": 5, "num_statements": 7, "percent_covered": 71.42857142857143, "percent_covered_display": "71", "missing_lines": 2, "excluded_lines": 0, "percent_statements_covered": 71.42857142857143, "percent_statements_covered_display": "71"}, "missing_lines": [332, 333], "excluded_lines": [], "start_line": 327}, "handle_list_targets": {"executed_lines": [], "summary": {"covered_lines": 0, "num_statements": 4, "percent_covered": 0.0, "percent_covered_display": "0", "missing_lines": 4, "excluded_lines": 0, "percent_statements_covered": 0.0, "percent_statements_covered_display": "0"}, "missing_lines": [343, 344, 345, 346], "excluded_lines": [], "start_line": 342}, "handle_refresh": {"executed_lines": [351, 352, 353, 354], "summary": {"covered_lines": 4, "num_statements": 4, "percent_covered": 100.0, "percent_covered_display": "100", "missing_lines": 0, "excluded_lines": 0, "percent_statements_covered": 100.0, "percent_statements_covered_display": "100"}, "missing_lines": [], "excluded_lines": [], "start_line": 350}, "handle_run_target": {"executed_lines": [], "summary": {"covered_lines": 0, "num_statements": 7, "percent_covered": 0.0, "percent_covered_display": "0", "missing_lines": 7, "excluded_lines": 0, "percent_statements_covered": 0.0, "percent_statements_covered_display": "0"}, "missing_lines": [359, 360, 361, 362, 363, 364, 365], "excluded_lines": [], "start_line": 358}, "handle_run_all": {"executed_lines": [], "summary": {"covered_lines": 0, "num_statements": 12, "percent_covered": 0.0, "percent_covered_display": "0", "missing_lines": 12, "excluded_lines": 0, "percent_statements_covered": 0.0, "percent_statements_covered_display": "0"}, "missing_lines": [370, 371, 372, 373, 374, 375, 376, 377, 378, 379, 380, 381], "excluded_lines": [], "start_line": 369}, "build_parser": {"executed_lines": [385, 386, 387, 389, 390, 392, 393, 394, 399, 400, 404, 409], "summary": {"covered_lines": 12, "num_statements": 12, "percent_covered": 100.0, "percent_covered_display": "100", "missing_lines": 0, "excluded_lines": 0, "percent_statements_covered": 100.0, "percent_statements_covered_display": "100"}, "missing_lines": [], "excluded_lines": [], "start_line": 384}, "main": {"executed_lines": [413, 414, 415, 421, 422], "summary": {"covered_lines": 5, "num_statements": 8, "percent_covered": 62.5, "percent_covered_display": "62", "missing_lines": 3, "excluded_lines": 0, "percent_statements_covered": 62.5, "percent_statements_covered_display": "62"}, "missing_lines": [423, 424, 425], "excluded_lines": [], "start_line": 412}, "": {"executed_lines": [9, 11, 12, 13, 14, 15, 16, 17, 19, 21, 25, 26, 27, 28, 32, 36, 40, 41, 42, 43, 44, 46, 55, 64, 72, 75, 92, 116, 125, 138, 145, 149, 157, 161, 171, 207, 231, 280, 301, 305, 311, 326, 341, 342, 349, 350, 357, 358, 368, 369, 384, 412, 428, 429], "summary": {"covered_lines": 54, "num_statements": 54, "percent_covered": 100.0, "percent_covered_display": "100", "missing_lines": 0, "excluded_lines": 0, "percent_statements_covered": 100.0, "percent_statements_covered_display": "100"}, "missing_lines": [], "excluded_lines": [], "start_line": 1}}, "classes": {"": {"executed_lines": [9, 11, 12, 13, 14, 15, 16, 17, 19, 21, 25, 26, 27, 28, 32, 36, 40, 41, 42, 43, 44, 46, 55, 64, 72, 75, 76, 78, 79, 80, 92, 93, 94, 96, 97, 98, 99, 116, 117, 118, 119, 120, 122, 125, 126, 128, 131, 132, 133, 135, 138, 145, 146, 149, 150, 151, 152, 153, 154, 157, 158, 161, 162, 164, 165, 166, 167, 168, 171, 172, 173, 174, 175, 184, 185, 186, 187, 188, 192, 194, 207, 208, 209, 210, 211, 212, 213, 214, 215, 220, 231, 232, 233, 234, 240, 241, 242, 243, 244, 245, 246, 248, 256, 257, 258, 259, 260, 261, 264, 265, 266, 267, 268, 269, 272, 274, 275, 276, 277, 280, 281, 286, 298, 301, 305, 311, 326, 327, 328, 329, 330, 331, 336, 338, 341, 342, 349, 350, 351, 352, 353, 354, 357, 358, 368, 369, 384, 385, 386, 387, 389, 390, 392, 393, 394, 399, 400, 404, 409, 412, 413, 414, 415, 421, 422, 428, 429], "summary": {"covered_lines": 167, "num_statements": 237, "percent_covered": 70.46413502109705, "percent_covered_display": "70", "missing_lines": 70, "excluded_lines": 0, "percent_statements_covered": 70.46413502109705, "percent_statements_covered_display": "70"}, "missing_lines": [77, 81, 82, 83, 85, 86, 87, 88, 89, 101, 102, 109, 110, 111, 112, 113, 121, 127, 129, 134, 139, 140, 141, 142, 163, 189, 190, 302, 306, 307, 308, 312, 313, 314, 315, 316, 318, 319, 320, 321, 322, 323, 332, 333, 343, 344, 345, 346, 359, 360, 361, 362, 363, 364, 365, 370, 371, 372, 373, 374, 375, 376, 377, 378, 379, 380, 381, 423, 424, 425], "excluded_lines": [], "start_line": 1}}}, "scripts/parse-config.py": {"executed_lines": [21, 22, 25, 28, 31, 32, 35, 37, 39, 40, 42, 43, 46, 47, 52, 53, 54, 55, 57, 60, 61, 67, 68, 69, 70, 71, 72, 73, 75, 76, 77, 78, 79, 80, 81, 83, 86, 87], "summary": {"covered_lines": 38, "num_statements": 46, "percent_covered": 82.6086956521739, "percent_covered_display": "83", "missing_lines": 8, "excluded_lines": 0, "percent_statements_covered": 82.6086956521739, "percent_statements_covered_display": "83"}, "missing_lines": [29, 38, 48, 50, 58, 62, 64, 65], "excluded_lines": [], "functions": {"is_shell_safe": {"executed_lines": [28, 31, 32], "summary": {"covered_lines": 3, "num_statements": 4, "percent_covered": 75.0, "percent_covered_display": "75", "missing_lines": 1, "excluded_lines": 0, "percent_statements_covered": 75.0, "percent_statements_covered_display": "75"}, "missing_lines": [29], "excluded_lines": [], "start_line": 25}, "sanitize_value": {"executed_lines": [37, 39, 40, 42, 43], "summary": {"covered_lines": 5, "num_statements": 6, "percent_covered": 83.33333333333333, "percent_covered_display": "83", "missing_lines": 1, "excluded_lines": 0, "percent_statements_covered": 83.33333333333333, "percent_statements_covered_display": "83"}, "missing_lines": [38], "excluded_lines": [], "start_line": 35}, "main": {"executed_lines": [47, 52, 53, 54, 55, 57, 60, 61, 67, 68, 69, 70, 71, 72, 73, 75, 76, 77, 78, 79, 80, 81, 83], "summary": {"covered_lines": 23, "num_statements": 29, "percent_covered": 79.3103448275862, "percent_covered_display": "79", "missing_lines": 6, "excluded_lines": 0, "percent_statements_covered": 79.3103448275862, "percent_statements_covered_display": "79"}, "missing_lines": [48, 50, 58, 62, 64, 65], "excluded_lines": [], "start_line": 46}, "": {"executed_lines": [21, 22, 25, 35, 46, 86, 87], "summary": {"covered_lines": 7, "num_statements": 7, "percent_covered": 100.0, "percent_covered_display": "100", "missing_lines": 0, "excluded_lines": 0, "percent_statements_covered": 100.0, "percent_statements_covered_display": "100"}, "missing_lines": [], "excluded_lines": [], "start_line": 1}}, "classes": {"": {"executed_lines": [21, 22, 25, 28, 31, 32, 35, 37, 39, 40, 42, 43, 46, 47, 52, 53, 54, 55, 57, 60, 61, 67, 68, 69, 70, 71, 72, 73, 75, 76, 77, 78, 79, 80, 81, 83, 86, 87], "summary": {"covered_lines": 38, "num_statements": 46, "percent_covered": 82.6086956521739, "percent_covered_display": "83", "missing_lines": 8, "excluded_lines": 0, "percent_statements_covered": 82.6086956521739, "percent_statements_covered_display": "83"}, "missing_lines": [29, 38, 48, 50, 58, 62, 64, 65], "excluded_lines": [], "start_line": 1}}}, "scripts/regression-runner.py": {"executed_lines": [], "summary": {"covered_lines": 0, "num_statements": 214, "percent_covered": 0.0, "percent_covered_display": "0", "missing_lines": 214, "excluded_lines": 0, "percent_statements_covered": 0.0, "percent_statements_covered_display": "0"}, "missing_lines": [17, 19, 20, 21, 22, 23, 24, 25, 26, 27, 29, 32, 33, 34, 35, 36, 39, 40, 43, 44, 47, 48, 49, 52, 53, 54, 55, 58, 59, 60, 63, 64, 65, 66, 67, 68, 69, 70, 73, 74, 75, 76, 78, 79, 88, 90, 91, 93, 103, 104, 105, 106, 107, 108, 111, 112, 113, 114, 115, 116, 117, 118, 119, 120, 121, 128, 129, 130, 131, 132, 133, 134, 137, 138, 139, 140, 141, 147, 151, 152, 153, 154, 155, 156, 157, 158, 159, 160, 161, 162, 163, 164, 165, 166, 167, 168, 169, 174, 175, 178, 183, 184, 185, 186, 190, 191, 192, 193, 194, 195, 196, 197, 198, 199, 200, 201, 202, 203, 204, 205, 206, 207, 208, 209, 212, 213, 214, 215, 216, 217, 218, 219, 220, 221, 222, 223, 224, 227, 229, 230, 231, 232, 233, 234, 235, 236, 237, 238, 239, 240, 241, 242, 243, 244, 247, 248, 251, 252, 253, 254, 255, 256, 257, 258, 260, 261, 262, 263, 264, 266, 267, 268, 270, 271, 272, 274, 275, 285, 286, 287, 288, 289, 290, 292, 293, 295, 308, 309, 310, 311, 314, 315, 316, 317, 318, 319, 320, 328, 329, 331, 332, 333, 335, 337, 339, 342, 345, 352, 353, 355, 356, 357, 360, 361], "excluded_lines": [], "functions": {"utc_now_iso": {"executed_lines": [], "summary": {"covered_lines": 0, "num_statements": 1, "percent_covered": 0.0, "percent_covered_display": "0", "missing_lines": 1, "excluded_lines": 0, "percent_statements_covered": 0.0, "percent_statements_covered_display": "0"}, "missing_lines": [40], "excluded_lines": [], "start_line": 39}, "safe_mkdir": {"executed_lines": [], "summary": {"covered_lines": 0, "num_statements": 1, "percent_covered": 0.0, "percent_covered_display": "0", "missing_lines": 1, "excluded_lines": 0, "percent_statements_covered": 0.0, "percent_statements_covered_display": "0"}, "missing_lines": [44], "excluded_lines": [], "start_line": 43}, "write_text": {"executed_lines": [], "summary": {"covered_lines": 0, "num_statements": 2, "percent_covered": 0.0, "percent_covered_display": "0", "missing_lines": 2, "excluded_lines": 0, "percent_statements_covered": 0.0, "percent_statements_covered_display": "0"}, "missing_lines": [48, 49], "excluded_lines": [], "start_line": 47}, "write_json": {"executed_lines": [], "summary": {"covered_lines": 0, "num_statements": 3, "percent_covered": 0.0, "percent_covered_display": "0", "missing_lines": 3, "excluded_lines": 0, "percent_statements_covered": 0.0, "percent_statements_covered_display": "0"}, "missing_lines": [53, 54, 55], "excluded_lines": [], "start_line": 52}, "load_yaml": {"executed_lines": [], "summary": {"covered_lines": 0, "num_statements": 2, "percent_covered": 0.0, "percent_covered_display": "0", "missing_lines": 2, "excluded_lines": 0, "percent_statements_covered": 0.0, "percent_statements_covered_display": "0"}, "missing_lines": [59, 60], "excluded_lines": [], "start_line": 58}, "run_cmd": {"executed_lines": [], "summary": {"covered_lines": 0, "num_statements": 9, "percent_covered": 0.0, "percent_covered_display": "0", "missing_lines": 9, "excluded_lines": 0, "percent_statements_covered": 0.0, "percent_statements_covered_display": "0"}, "missing_lines": [74, 75, 76, 78, 79, 88, 90, 91, 93], "excluded_lines": [], "start_line": 73}, "try_read_json": {"executed_lines": [], "summary": {"covered_lines": 0, "num_statements": 5, "percent_covered": 0.0, "percent_covered_display": "0", "missing_lines": 5, "excluded_lines": 0, "percent_statements_covered": 0.0, "percent_statements_covered_display": "0"}, "missing_lines": [104, 105, 106, 107, 108], "excluded_lines": [], "start_line": 103}, "parse_pytest_cov_json": {"executed_lines": [], "summary": {"covered_lines": 0, "num_statements": 10, "percent_covered": 0.0, "percent_covered_display": "0", "missing_lines": 10, "excluded_lines": 0, "percent_statements_covered": 0.0, "percent_statements_covered_display": "0"}, "missing_lines": [112, 113, 114, 115, 116, 117, 118, 119, 120, 121], "excluded_lines": [], "start_line": 111}, "parse_vitest_coverage_summary": {"executed_lines": [], "summary": {"covered_lines": 0, "num_statements": 11, "percent_covered": 0.0, "percent_covered_display": "0", "missing_lines": 11, "excluded_lines": 0, "percent_statements_covered": 0.0, "percent_statements_covered_display": "0"}, "missing_lines": [129, 130, 131, 132, 133, 134, 137, 138, 139, 140, 141], "excluded_lines": [], "start_line": 128}, "parse_lcov_percent": {"executed_lines": [], "summary": {"covered_lines": 0, "num_statements": 21, "percent_covered": 0.0, "percent_covered_display": "0", "missing_lines": 21, "excluded_lines": 0, "percent_statements_covered": 0.0, "percent_statements_covered_display": "0"}, "missing_lines": [151, 152, 153, 154, 155, 156, 157, 158, 159, 160, 161, 162, 163, 164, 165, 166, 167, 168, 169, 174, 175], "excluded_lines": [], "start_line": 147}, "best_effort_coverage": {"executed_lines": [], "summary": {"covered_lines": 0, "num_statements": 56, "percent_covered": 0.0, "percent_covered_display": "0", "missing_lines": 56, "excluded_lines": 0, "percent_statements_covered": 0.0, "percent_statements_covered_display": "0"}, "missing_lines": [183, 184, 185, 186, 190, 191, 192, 193, 194, 195, 196, 197, 198, 199, 200, 201, 202, 203, 204, 205, 206, 207, 208, 209, 212, 213, 214, 215, 216, 217, 218, 219, 220, 221, 222, 223, 224, 227, 229, 230, 231, 232, 233, 234, 235, 236, 237, 238, 239, 240, 241, 242, 243, 244, 247, 248], "excluded_lines": [], "start_line": 178}, "main": {"executed_lines": [], "summary": {"covered_lines": 0, "num_statements": 55, "percent_covered": 0.0, "percent_covered_display": "0", "missing_lines": 55, "excluded_lines": 0, "percent_statements_covered": 0.0, "percent_statements_covered_display": "0"}, "missing_lines": [252, 253, 254, 255, 256, 257, 258, 260, 261, 262, 263, 264, 266, 267, 268, 270, 271, 272, 274, 275, 285, 286, 287, 288, 289, 290, 292, 293, 295, 308, 309, 310, 311, 314, 315, 316, 317, 318, 319, 320, 328, 329, 331, 332, 333, 335, 337, 339, 342, 345, 352, 353, 355, 356, 357], "excluded_lines": [], "start_line": 251}, "": {"executed_lines": [], "summary": {"covered_lines": 0, "num_statements": 38, "percent_covered": 0.0, "percent_covered_display": "0", "missing_lines": 38, "excluded_lines": 0, "percent_statements_covered": 0.0, "percent_statements_covered_display": "0"}, "missing_lines": [17, 19, 20, 21, 22, 23, 24, 25, 26, 27, 29, 32, 33, 34, 35, 36, 39, 43, 47, 52, 58, 63, 64, 65, 66, 67, 68, 69, 70, 73, 103, 111, 128, 147, 178, 251, 360, 361], "excluded_lines": [], "start_line": 1}}, "classes": {"CmdResult": {"executed_lines": [], "summary": {"covered_lines": 0, "num_statements": 0, "percent_covered": 100.0, "percent_covered_display": "100", "missing_lines": 0, "excluded_lines": 0, "percent_statements_covered": 100.0, "percent_statements_covered_display": "100"}, "missing_lines": [], "excluded_lines": [], "start_line": 64}, "": {"executed_lines": [], "summary": {"covered_lines": 0, "num_statements": 214, "percent_covered": 0.0, "percent_covered_display": "0", "missing_lines": 214, "excluded_lines": 0, "percent_statements_covered": 0.0, "percent_statements_covered_display": "0"}, "missing_lines": [17, 19, 20, 21, 22, 23, 24, 25, 26, 27, 29, 32, 33, 34, 35, 36, 39, 40, 43, 44, 47, 48, 49, 52, 53, 54, 55, 58, 59, 60, 63, 64, 65, 66, 67, 68, 69, 70, 73, 74, 75, 76, 78, 79, 88, 90, 91, 93, 103, 104, 105, 106, 107, 108, 111, 112, 113, 114, 115, 116, 117, 118, 119, 120, 121, 128, 129, 130, 131, 132, 133, 134, 137, 138, 139, 140, 141, 147, 151, 152, 153, 154, 155, 156, 157, 158, 159, 160, 161, 162, 163, 164, 165, 166, 167, 168, 169, 174, 175, 178, 183, 184, 185, 186, 190, 191, 192, 193, 194, 195, 196, 197, 198, 199, 200, 201, 202, 203, 204, 205, 206, 207, 208, 209, 212, 213, 214, 215, 216, 217, 218, 219, 220, 221, 222, 223, 224, 227, 229, 230, 231, 232, 233, 234, 235, 236, 237, 238, 239, 240, 241, 242, 243, 244, 247, 248, 251, 252, 253, 254, 255, 256, 257, 258, 260, 261, 262, 263, 264, 266, 267, 268, 270, 271, 272, 274, 275, 285, 286, 287, 288, 289, 290, 292, 293, 295, 308, 309, 310, 311, 314, 315, 316, 317, 318, 319, 320, 328, 329, 331, 332, 333, 335, 337, 339, 342, 345, 352, 353, 355, 356, 357, 360, 361], "excluded_lines": [], "start_line": 1}}}, "scripts/scaffold-github-workflows.py": {"executed_lines": [4, 6, 7, 8, 10, 12, 13, 14, 16, 24, 25, 26, 27, 30, 31, 32, 33, 37, 38, 41, 42, 43, 44, 45, 46, 47, 53, 62, 63, 64, 65, 66, 67, 68, 69, 70, 71, 72, 75, 76, 77, 78, 83, 84, 86, 87, 88, 89, 90, 97], "summary": {"covered_lines": 50, "num_statements": 55, "percent_covered": 90.9090909090909, "percent_covered_display": "91", "missing_lines": 5, "excluded_lines": 0, "percent_statements_covered": 90.9090909090909, "percent_statements_covered_display": "91"}, "missing_lines": [34, 92, 93, 94, 98], "excluded_lines": [], "functions": {"load_targets": {"executed_lines": [25, 26, 27], "summary": {"covered_lines": 3, "num_statements": 3, "percent_covered": 100.0, "percent_covered_display": "100", "missing_lines": 0, "excluded_lines": 0, "percent_statements_covered": 100.0, "percent_statements_covered_display": "100"}, "missing_lines": [], "excluded_lines": [], "start_line": 24}, "resolve_target": {"executed_lines": [31, 32, 33], "summary": {"covered_lines": 3, "num_statements": 4, "percent_covered": 75.0, "percent_covered_display": "75", "missing_lines": 1, "excluded_lines": 0, "percent_statements_covered": 75.0, "percent_statements_covered_display": "75"}, "missing_lines": [34], "excluded_lines": [], "start_line": 30}, "normalize_build_command": {"executed_lines": [38], "summary": {"covered_lines": 1, "num_statements": 1, "percent_covered": 100.0, "percent_covered_display": "100", "missing_lines": 0, "excluded_lines": 0, "percent_statements_covered": 100.0, "percent_statements_covered_display": "100"}, "missing_lines": [], "excluded_lines": [], "start_line": 37}, "render_template": {"executed_lines": [42, 43, 44, 45, 46, 47, 53], "summary": {"covered_lines": 7, "num_statements": 7, "percent_covered": 100.0, "percent_covered_display": "100", "missing_lines": 0, "excluded_lines": 0, "percent_statements_covered": 100.0, "percent_statements_covered_display": "100"}, "missing_lines": [], "excluded_lines": [], "start_line": 41}, "write_workflow": {"executed_lines": [63, 64, 65, 66, 67, 68, 69, 70, 71, 72], "summary": {"covered_lines": 10, "num_statements": 10, "percent_covered": 100.0, "percent_covered_display": "100", "missing_lines": 0, "excluded_lines": 0, "percent_statements_covered": 100.0, "percent_statements_covered_display": "100"}, "missing_lines": [], "excluded_lines": [], "start_line": 62}, "main": {"executed_lines": [76, 77, 78, 83, 84, 86, 87, 88, 89, 90], "summary": {"covered_lines": 10, "num_statements": 13, "percent_covered": 76.92307692307692, "percent_covered_display": "77", "missing_lines": 3, "excluded_lines": 0, "percent_statements_covered": 76.92307692307692, "percent_statements_covered_display": "77"}, "missing_lines": [92, 93, 94], "excluded_lines": [], "start_line": 75}, "": {"executed_lines": [4, 6, 7, 8, 10, 12, 13, 14, 16, 24, 30, 37, 41, 62, 75, 97], "summary": {"covered_lines": 16, "num_statements": 17, "percent_covered": 94.11764705882354, "percent_covered_display": "94", "missing_lines": 1, "excluded_lines": 0, "percent_statements_covered": 94.11764705882354, "percent_statements_covered_display": "94"}, "missing_lines": [98], "excluded_lines": [], "start_line": 1}}, "classes": {"": {"executed_lines": [4, 6, 7, 8, 10, 12, 13, 14, 16, 24, 25, 26, 27, 30, 31, 32, 33, 37, 38, 41, 42, 43, 44, 45, 46, 47, 53, 62, 63, 64, 65, 66, 67, 68, 69, 70, 71, 72, 75, 76, 77, 78, 83, 84, 86, 87, 88, 89, 90, 97], "summary": {"covered_lines": 50, "num_statements": 55, "percent_covered": 90.9090909090909, "percent_covered_display": "91", "missing_lines": 5, "excluded_lines": 0, "percent_statements_covered": 90.9090909090909, "percent_statements_covered_display": "91"}, "missing_lines": [34, 92, 93, 94, 98], "excluded_lines": [], "start_line": 1}}}}, "totals": {"covered_lines": 955, "num_statements": 1713, "percent_covered": 55.750145942790425, "percent_covered_display": "56", "missing_lines": 758, "excluded_lines": 0, "percent_statements_covered": 55.750145942790425, "percent_statements_covered_display": "56"}}